<?xml version="1.0" encoding="windows-1252" standalone="no"?>
<!DOCTYPE log SYSTEM "logger.dtd">
<log>
<record>
  <date>2022-12-14T08:07:51.293741100Z</date>
  <millis>1671005271293</millis>
  <nanos>741100</nanos>
  <sequence>0</sequence>
  <logger>global</logger>
  <level>INFO</level>
  <class>ch.zhaw.pm2.multichat.protocol.MultichatLogger</class>
  <method>info</method>
  <thread>1</thread>
  <message>Create server connection</message>
</record>
<record>
  <date>2022-12-14T08:07:51.358213700Z</date>
  <millis>1671005271358</millis>
  <nanos>213700</nanos>
  <sequence>1</sequence>
  <logger>global</logger>
  <level>INFO</level>
  <class>ch.zhaw.pm2.multichat.protocol.MultichatLogger</class>
  <method>info</method>
  <thread>1</thread>
  <message>Listening on 0.0.0.0:22243</message>
</record>
<record>
  <date>2022-12-14T08:07:51.359261Z</date>
  <millis>1671005271359</millis>
  <nanos>261000</nanos>
  <sequence>2</sequence>
  <logger>global</logger>
  <level>INFO</level>
  <class>ch.zhaw.pm2.multichat.protocol.MultichatLogger</class>
  <method>info</method>
  <thread>1</thread>
  <message>Server started.</message>
</record>
<record>
  <date>2022-12-14T08:07:56.434196600Z</date>
  <millis>1671005276434</millis>
  <nanos>196600</nanos>
  <sequence>3</sequence>
  <logger>global</logger>
  <level>INFO</level>
  <class>ch.zhaw.pm2.multichat.protocol.MultichatLogger</class>
  <method>info</method>
  <thread>17</thread>
  <message>Starting Connection Handler for Anonymous-1</message>
</record>
<record>
  <date>2022-12-14T08:07:56.435679400Z</date>
  <millis>1671005276435</millis>
  <nanos>679400</nanos>
  <sequence>4</sequence>
  <logger>global</logger>
  <level>INFO</level>
  <class>ch.zhaw.pm2.multichat.protocol.MultichatLogger</class>
  <method>info</method>
  <thread>17</thread>
  <message>Start receiving data...</message>
</record>
<record>
  <date>2022-12-14T08:07:56.442367800Z</date>
  <millis>1671005276442</millis>
  <nanos>367800</nanos>
  <sequence>5</sequence>
  <logger>global</logger>
  <level>INFO</level>
  <class>ch.zhaw.pm2.multichat.protocol.MultichatLogger</class>
  <method>info</method>
  <thread>1</thread>
  <message>Connected new Client Anonymous-1 with IP:Port &lt;127.0.0.1:52310&gt;</message>
</record>
<record>
  <date>2022-12-14T08:07:58.922165800Z</date>
  <millis>1671005278922</millis>
  <nanos>165800</nanos>
  <sequence>6</sequence>
  <logger>global</logger>
  <level>INFO</level>
  <class>ch.zhaw.pm2.multichat.protocol.MultichatLogger</class>
  <method>info</method>
  <thread>17</thread>
  <message>Close connection hallo</message>
</record>
<record>
  <date>2022-12-14T08:07:58.934822100Z</date>
  <millis>1671005278934</millis>
  <nanos>822100</nanos>
  <sequence>7</sequence>
  <logger>global</logger>
  <level>SEVERE</level>
  <class>ch.zhaw.pm2.multichat.protocol.MultichatLogger</class>
  <method>error</method>
  <thread>17</thread>
  <message>Connection closed: Eine bestehende Verbindung wurde softwaregesteuert
durch den Hostcomputer abgebrochen</message>
</record>
<record>
  <date>2022-12-14T08:07:58.937866300Z</date>
  <millis>1671005278937</millis>
  <nanos>866300</nanos>
  <sequence>8</sequence>
  <logger>global</logger>
  <level>INFO</level>
  <class>ch.zhaw.pm2.multichat.protocol.MultichatLogger</class>
  <method>info</method>
  <thread>17</thread>
  <message>Closing Connection Handler for hallo</message>
</record>
<record>
  <date>2022-12-14T08:07:58.938387700Z</date>
  <millis>1671005278938</millis>
  <nanos>387700</nanos>
  <sequence>9</sequence>
  <logger>global</logger>
  <level>INFO</level>
  <class>ch.zhaw.pm2.multichat.protocol.MultichatLogger</class>
  <method>info</method>
  <thread>17</thread>
  <message>Stop receiving data...</message>
</record>
<record>
  <date>2022-12-14T08:07:58.940403700Z</date>
  <millis>1671005278940</millis>
  <nanos>403700</nanos>
  <sequence>10</sequence>
  <logger>global</logger>
  <level>INFO</level>
  <class>ch.zhaw.pm2.multichat.protocol.MultichatLogger</class>
  <method>info</method>
  <thread>17</thread>
  <message>Stopped receiving data.</message>
</record>
<record>
  <date>2022-12-14T08:07:58.941405800Z</date>
  <millis>1671005278941</millis>
  <nanos>405800</nanos>
  <sequence>11</sequence>
  <logger>global</logger>
  <level>INFO</level>
  <class>ch.zhaw.pm2.multichat.protocol.MultichatLogger</class>
  <method>info</method>
  <thread>17</thread>
  <message>Closed Connection Handler for hallo</message>
</record>
<record>
  <date>2022-12-14T08:07:58.942407100Z</date>
  <millis>1671005278942</millis>
  <nanos>407100</nanos>
  <sequence>12</sequence>
  <logger>global</logger>
  <level>INFO</level>
  <class>ch.zhaw.pm2.multichat.protocol.MultichatLogger</class>
  <method>info</method>
  <thread>17</thread>
  <message>Connection hallo disconnected</message>
</record>
<record>
  <date>2022-12-14T08:07:58.943408600Z</date>
  <millis>1671005278943</millis>
  <nanos>408600</nanos>
  <sequence>13</sequence>
  <logger>global</logger>
  <level>INFO</level>
  <class>ch.zhaw.pm2.multichat.protocol.MultichatLogger</class>
  <method>info</method>
  <thread>17</thread>
  <message>Stopped recieving data</message>
</record>
<record>
  <date>2022-12-14T08:07:58.944407600Z</date>
  <millis>1671005278944</millis>
  <nanos>407600</nanos>
  <sequence>14</sequence>
  <logger>global</logger>
  <level>INFO</level>
  <class>ch.zhaw.pm2.multichat.protocol.MultichatLogger</class>
  <method>info</method>
  <thread>17</thread>
  <message>Stopping Connection Handler for hallo</message>
</record>
<record>
  <date>2022-12-14T08:07:59.362164800Z</date>
  <millis>1671005279362</millis>
  <nanos>164800</nanos>
  <sequence>15</sequence>
  <logger>global</logger>
  <level>INFO</level>
  <class>ch.zhaw.pm2.multichat.protocol.MultichatLogger</class>
  <method>info</method>
  <thread>18</thread>
  <message>Starting Connection Handler for Anonymous-2</message>
</record>
<record>
  <date>2022-12-14T08:07:59.363978800Z</date>
  <millis>1671005279363</millis>
  <nanos>978800</nanos>
  <sequence>16</sequence>
  <logger>global</logger>
  <level>INFO</level>
  <class>ch.zhaw.pm2.multichat.protocol.MultichatLogger</class>
  <method>info</method>
  <thread>1</thread>
  <message>Connected new Client Anonymous-2 with IP:Port &lt;127.0.0.1:52311&gt;</message>
</record>
<record>
  <date>2022-12-14T08:07:59.363978800Z</date>
  <millis>1671005279363</millis>
  <nanos>978800</nanos>
  <sequence>17</sequence>
  <logger>global</logger>
  <level>INFO</level>
  <class>ch.zhaw.pm2.multichat.protocol.MultichatLogger</class>
  <method>info</method>
  <thread>18</thread>
  <message>Start receiving data...</message>
</record>
<record>
  <date>2022-12-14T08:07:59.883988900Z</date>
  <millis>1671005279883</millis>
  <nanos>988900</nanos>
  <sequence>18</sequence>
  <logger>global</logger>
  <level>INFO</level>
  <class>ch.zhaw.pm2.multichat.protocol.MultichatLogger</class>
  <method>info</method>
  <thread>18</thread>
  <message>Close connection hallo</message>
</record>
<record>
  <date>2022-12-14T08:07:59.885771700Z</date>
  <millis>1671005279885</millis>
  <nanos>771700</nanos>
  <sequence>19</sequence>
  <logger>global</logger>
  <level>INFO</level>
  <class>ch.zhaw.pm2.multichat.protocol.MultichatLogger</class>
  <method>info</method>
  <thread>18</thread>
  <message>Closing Connection Handler for hallo</message>
</record>
<record>
  <date>2022-12-14T08:07:59.887100900Z</date>
  <millis>1671005279887</millis>
  <nanos>100900</nanos>
  <sequence>20</sequence>
  <logger>global</logger>
  <level>INFO</level>
  <class>ch.zhaw.pm2.multichat.protocol.MultichatLogger</class>
  <method>info</method>
  <thread>18</thread>
  <message>Stop receiving data...</message>
</record>
<record>
  <date>2022-12-14T08:07:59.887660700Z</date>
  <millis>1671005279887</millis>
  <nanos>660700</nanos>
  <sequence>21</sequence>
  <logger>global</logger>
  <level>INFO</level>
  <class>ch.zhaw.pm2.multichat.protocol.MultichatLogger</class>
  <method>info</method>
  <thread>18</thread>
  <message>Stopped receiving data.</message>
</record>
<record>
  <date>2022-12-14T08:07:59.888674900Z</date>
  <millis>1671005279888</millis>
  <nanos>674900</nanos>
  <sequence>22</sequence>
  <logger>global</logger>
  <level>INFO</level>
  <class>ch.zhaw.pm2.multichat.protocol.MultichatLogger</class>
  <method>info</method>
  <thread>18</thread>
  <message>Closed Connection Handler for hallo</message>
</record>
<record>
  <date>2022-12-14T08:07:59.889861Z</date>
  <millis>1671005279889</millis>
  <nanos>861000</nanos>
  <sequence>23</sequence>
  <logger>global</logger>
  <level>INFO</level>
  <class>ch.zhaw.pm2.multichat.protocol.MultichatLogger</class>
  <method>info</method>
  <thread>18</thread>
  <message>Connection hallo disconnected</message>
</record>
<record>
  <date>2022-12-14T08:07:59.890860900Z</date>
  <millis>1671005279890</millis>
  <nanos>860900</nanos>
  <sequence>24</sequence>
  <logger>global</logger>
  <level>INFO</level>
  <class>ch.zhaw.pm2.multichat.protocol.MultichatLogger</class>
  <method>info</method>
  <thread>18</thread>
  <message>Stopped recieving data</message>
</record>
<record>
  <date>2022-12-14T08:07:59.891861Z</date>
  <millis>1671005279891</millis>
  <nanos>861000</nanos>
  <sequence>25</sequence>
  <logger>global</logger>
  <level>INFO</level>
  <class>ch.zhaw.pm2.multichat.protocol.MultichatLogger</class>
  <method>info</method>
  <thread>18</thread>
  <message>Stopping Connection Handler for hallo</message>
</record>
<record>
  <date>2022-12-14T08:08:00.332413300Z</date>
  <millis>1671005280332</millis>
  <nanos>413300</nanos>
  <sequence>26</sequence>
  <logger>global</logger>
  <level>INFO</level>
  <class>ch.zhaw.pm2.multichat.protocol.MultichatLogger</class>
  <method>info</method>
  <thread>1</thread>
  <message>Connected new Client Anonymous-3 with IP:Port &lt;127.0.0.1:52313&gt;</message>
</record>
<record>
  <date>2022-12-14T08:08:00.332413300Z</date>
  <millis>1671005280332</millis>
  <nanos>413300</nanos>
  <sequence>27</sequence>
  <logger>global</logger>
  <level>INFO</level>
  <class>ch.zhaw.pm2.multichat.protocol.MultichatLogger</class>
  <method>info</method>
  <thread>19</thread>
  <message>Starting Connection Handler for Anonymous-3</message>
</record>
<record>
  <date>2022-12-14T08:08:00.334595100Z</date>
  <millis>1671005280334</millis>
  <nanos>595100</nanos>
  <sequence>28</sequence>
  <logger>global</logger>
  <level>INFO</level>
  <class>ch.zhaw.pm2.multichat.protocol.MultichatLogger</class>
  <method>info</method>
  <thread>19</thread>
  <message>Start receiving data...</message>
</record>
<record>
  <date>2022-12-14T08:08:00.609848700Z</date>
  <millis>1671005280609</millis>
  <nanos>848700</nanos>
  <sequence>29</sequence>
  <logger>global</logger>
  <level>INFO</level>
  <class>ch.zhaw.pm2.multichat.protocol.MultichatLogger</class>
  <method>info</method>
  <thread>19</thread>
  <message>Close connection hallo</message>
</record>
<record>
  <date>2022-12-14T08:08:00.611287900Z</date>
  <millis>1671005280611</millis>
  <nanos>287900</nanos>
  <sequence>30</sequence>
  <logger>global</logger>
  <level>INFO</level>
  <class>ch.zhaw.pm2.multichat.protocol.MultichatLogger</class>
  <method>info</method>
  <thread>19</thread>
  <message>Closing Connection Handler for hallo</message>
</record>
<record>
  <date>2022-12-14T08:08:00.611287900Z</date>
  <millis>1671005280611</millis>
  <nanos>287900</nanos>
  <sequence>31</sequence>
  <logger>global</logger>
  <level>INFO</level>
  <class>ch.zhaw.pm2.multichat.protocol.MultichatLogger</class>
  <method>info</method>
  <thread>19</thread>
  <message>Stop receiving data...</message>
</record>
<record>
  <date>2022-12-14T08:08:00.613590300Z</date>
  <millis>1671005280613</millis>
  <nanos>590300</nanos>
  <sequence>32</sequence>
  <logger>global</logger>
  <level>INFO</level>
  <class>ch.zhaw.pm2.multichat.protocol.MultichatLogger</class>
  <method>info</method>
  <thread>19</thread>
  <message>Stopped receiving data.</message>
</record>
<record>
  <date>2022-12-14T08:08:00.614599Z</date>
  <millis>1671005280614</millis>
  <nanos>599000</nanos>
  <sequence>33</sequence>
  <logger>global</logger>
  <level>INFO</level>
  <class>ch.zhaw.pm2.multichat.protocol.MultichatLogger</class>
  <method>info</method>
  <thread>19</thread>
  <message>Closed Connection Handler for hallo</message>
</record>
<record>
  <date>2022-12-14T08:08:00.616415500Z</date>
  <millis>1671005280616</millis>
  <nanos>415500</nanos>
  <sequence>34</sequence>
  <logger>global</logger>
  <level>INFO</level>
  <class>ch.zhaw.pm2.multichat.protocol.MultichatLogger</class>
  <method>info</method>
  <thread>19</thread>
  <message>Connection hallo disconnected</message>
</record>
<record>
  <date>2022-12-14T08:08:00.616915700Z</date>
  <millis>1671005280616</millis>
  <nanos>915700</nanos>
  <sequence>35</sequence>
  <logger>global</logger>
  <level>INFO</level>
  <class>ch.zhaw.pm2.multichat.protocol.MultichatLogger</class>
  <method>info</method>
  <thread>19</thread>
  <message>Stopped recieving data</message>
</record>
<record>
  <date>2022-12-14T08:08:00.618278200Z</date>
  <millis>1671005280618</millis>
  <nanos>278200</nanos>
  <sequence>36</sequence>
  <logger>global</logger>
  <level>INFO</level>
  <class>ch.zhaw.pm2.multichat.protocol.MultichatLogger</class>
  <method>info</method>
  <thread>19</thread>
  <message>Stopping Connection Handler for hallo</message>
</record>
<record>
  <date>2022-12-14T08:08:39.242772800Z</date>
  <millis>1671005319242</millis>
  <nanos>772800</nanos>
  <sequence>37</sequence>
  <logger>global</logger>
  <level>INFO</level>
  <class>ch.zhaw.pm2.multichat.protocol.MultichatLogger</class>
  <method>info</method>
  <thread>20</thread>
  <message>Starting Connection Handler for Anonymous-4</message>
</record>
<record>
  <date>2022-12-14T08:08:39.242772800Z</date>
  <millis>1671005319242</millis>
  <nanos>772800</nanos>
  <sequence>38</sequence>
  <logger>global</logger>
  <level>INFO</level>
  <class>ch.zhaw.pm2.multichat.protocol.MultichatLogger</class>
  <method>info</method>
  <thread>1</thread>
  <message>Connected new Client Anonymous-4 with IP:Port &lt;127.0.0.1:52346&gt;</message>
</record>
<record>
  <date>2022-12-14T08:08:39.242772800Z</date>
  <millis>1671005319242</millis>
  <nanos>772800</nanos>
  <sequence>39</sequence>
  <logger>global</logger>
  <level>INFO</level>
  <class>ch.zhaw.pm2.multichat.protocol.MultichatLogger</class>
  <method>info</method>
  <thread>20</thread>
  <message>Start receiving data...</message>
</record>
<record>
  <date>2022-12-14T08:08:40.122774700Z</date>
  <millis>1671005320122</millis>
  <nanos>774700</nanos>
  <sequence>40</sequence>
  <logger>global</logger>
  <level>INFO</level>
  <class>ch.zhaw.pm2.multichat.protocol.MultichatLogger</class>
  <method>info</method>
  <thread>21</thread>
  <message>Starting Connection Handler for Anonymous-5</message>
</record>
<record>
  <date>2022-12-14T08:08:40.122774700Z</date>
  <millis>1671005320122</millis>
  <nanos>774700</nanos>
  <sequence>41</sequence>
  <logger>global</logger>
  <level>INFO</level>
  <class>ch.zhaw.pm2.multichat.protocol.MultichatLogger</class>
  <method>info</method>
  <thread>1</thread>
  <message>Connected new Client Anonymous-5 with IP:Port &lt;127.0.0.1:52352&gt;</message>
</record>
<record>
  <date>2022-12-14T08:08:40.122774700Z</date>
  <millis>1671005320122</millis>
  <nanos>774700</nanos>
  <sequence>42</sequence>
  <logger>global</logger>
  <level>INFO</level>
  <class>ch.zhaw.pm2.multichat.protocol.MultichatLogger</class>
  <method>info</method>
  <thread>21</thread>
  <message>Start receiving data...</message>
</record>
<record>
  <date>2022-12-14T08:08:45.065473500Z</date>
  <millis>1671005325065</millis>
  <nanos>473500</nanos>
  <sequence>43</sequence>
  <logger>global</logger>
  <level>INFO</level>
  <class>ch.zhaw.pm2.multichat.protocol.MultichatLogger</class>
  <method>info</method>
  <thread>20</thread>
  <message>Close connection Stefan</message>
</record>
<record>
  <date>2022-12-14T08:08:45.066383500Z</date>
  <millis>1671005325066</millis>
  <nanos>383500</nanos>
  <sequence>44</sequence>
  <logger>global</logger>
  <level>INFO</level>
  <class>ch.zhaw.pm2.multichat.protocol.MultichatLogger</class>
  <method>info</method>
  <thread>20</thread>
  <message>Closing Connection Handler for Stefan</message>
</record>
<record>
  <date>2022-12-14T08:08:45.066383500Z</date>
  <millis>1671005325066</millis>
  <nanos>383500</nanos>
  <sequence>45</sequence>
  <logger>global</logger>
  <level>INFO</level>
  <class>ch.zhaw.pm2.multichat.protocol.MultichatLogger</class>
  <method>info</method>
  <thread>20</thread>
  <message>Stop receiving data...</message>
</record>
<record>
  <date>2022-12-14T08:08:45.067384Z</date>
  <millis>1671005325067</millis>
  <nanos>384000</nanos>
  <sequence>46</sequence>
  <logger>global</logger>
  <level>INFO</level>
  <class>ch.zhaw.pm2.multichat.protocol.MultichatLogger</class>
  <method>info</method>
  <thread>20</thread>
  <message>Stopped receiving data.</message>
</record>
<record>
  <date>2022-12-14T08:08:45.068385100Z</date>
  <millis>1671005325068</millis>
  <nanos>385100</nanos>
  <sequence>47</sequence>
  <logger>global</logger>
  <level>INFO</level>
  <class>ch.zhaw.pm2.multichat.protocol.MultichatLogger</class>
  <method>info</method>
  <thread>20</thread>
  <message>Closed Connection Handler for Stefan</message>
</record>
<record>
  <date>2022-12-14T08:08:45.068385100Z</date>
  <millis>1671005325068</millis>
  <nanos>385100</nanos>
  <sequence>48</sequence>
  <logger>global</logger>
  <level>INFO</level>
  <class>ch.zhaw.pm2.multichat.protocol.MultichatLogger</class>
  <method>info</method>
  <thread>20</thread>
  <message>Connection Stefan disconnected</message>
</record>
<record>
  <date>2022-12-14T08:08:45.069384Z</date>
  <millis>1671005325069</millis>
  <nanos>384000</nanos>
  <sequence>49</sequence>
  <logger>global</logger>
  <level>INFO</level>
  <class>ch.zhaw.pm2.multichat.protocol.MultichatLogger</class>
  <method>info</method>
  <thread>20</thread>
  <message>Stopped recieving data</message>
</record>
<record>
  <date>2022-12-14T08:08:45.069384Z</date>
  <millis>1671005325069</millis>
  <nanos>384000</nanos>
  <sequence>50</sequence>
  <logger>global</logger>
  <level>INFO</level>
  <class>ch.zhaw.pm2.multichat.protocol.MultichatLogger</class>
  <method>info</method>
  <thread>20</thread>
  <message>Stopping Connection Handler for Stefan</message>
</record>
<record>
  <date>2022-12-14T08:08:48.258917Z</date>
  <millis>1671005328258</millis>
  <nanos>917000</nanos>
  <sequence>51</sequence>
  <logger>global</logger>
  <level>INFO</level>
  <class>ch.zhaw.pm2.multichat.protocol.MultichatLogger</class>
  <method>info</method>
  <thread>22</thread>
  <message>Starting Connection Handler for Anonymous-6</message>
</record>
<record>
  <date>2022-12-14T08:08:48.258917Z</date>
  <millis>1671005328258</millis>
  <nanos>917000</nanos>
  <sequence>52</sequence>
  <logger>global</logger>
  <level>INFO</level>
  <class>ch.zhaw.pm2.multichat.protocol.MultichatLogger</class>
  <method>info</method>
  <thread>1</thread>
  <message>Connected new Client Anonymous-6 with IP:Port &lt;127.0.0.1:52359&gt;</message>
</record>
<record>
  <date>2022-12-14T08:08:48.260091400Z</date>
  <millis>1671005328260</millis>
  <nanos>91400</nanos>
  <sequence>53</sequence>
  <logger>global</logger>
  <level>INFO</level>
  <class>ch.zhaw.pm2.multichat.protocol.MultichatLogger</class>
  <method>info</method>
  <thread>22</thread>
  <message>Start receiving data...</message>
</record>
<record>
  <date>2022-12-14T08:08:52.560614900Z</date>
  <millis>1671005332560</millis>
  <nanos>614900</nanos>
  <sequence>54</sequence>
  <logger>global</logger>
  <level>INFO</level>
  <class>ch.zhaw.pm2.multichat.protocol.MultichatLogger</class>
  <method>info</method>
  <thread>22</thread>
  <message>Close connection Stefan</message>
</record>
<record>
  <date>2022-12-14T08:08:52.562611800Z</date>
  <millis>1671005332562</millis>
  <nanos>611800</nanos>
  <sequence>55</sequence>
  <logger>global</logger>
  <level>INFO</level>
  <class>ch.zhaw.pm2.multichat.protocol.MultichatLogger</class>
  <method>info</method>
  <thread>22</thread>
  <message>Closing Connection Handler for Stefan</message>
</record>
<record>
  <date>2022-12-14T08:08:52.563612200Z</date>
  <millis>1671005332563</millis>
  <nanos>612200</nanos>
  <sequence>56</sequence>
  <logger>global</logger>
  <level>INFO</level>
  <class>ch.zhaw.pm2.multichat.protocol.MultichatLogger</class>
  <method>info</method>
  <thread>22</thread>
  <message>Stop receiving data...</message>
</record>
<record>
  <date>2022-12-14T08:08:52.564612100Z</date>
  <millis>1671005332564</millis>
  <nanos>612100</nanos>
  <sequence>57</sequence>
  <logger>global</logger>
  <level>INFO</level>
  <class>ch.zhaw.pm2.multichat.protocol.MultichatLogger</class>
  <method>info</method>
  <thread>22</thread>
  <message>Stopped receiving data.</message>
</record>
<record>
  <date>2022-12-14T08:08:52.564612100Z</date>
  <millis>1671005332564</millis>
  <nanos>612100</nanos>
  <sequence>58</sequence>
  <logger>global</logger>
  <level>INFO</level>
  <class>ch.zhaw.pm2.multichat.protocol.MultichatLogger</class>
  <method>info</method>
  <thread>22</thread>
  <message>Closed Connection Handler for Stefan</message>
</record>
<record>
  <date>2022-12-14T08:08:52.565614700Z</date>
  <millis>1671005332565</millis>
  <nanos>614700</nanos>
  <sequence>59</sequence>
  <logger>global</logger>
  <level>INFO</level>
  <class>ch.zhaw.pm2.multichat.protocol.MultichatLogger</class>
  <method>info</method>
  <thread>22</thread>
  <message>Connection Stefan disconnected</message>
</record>
<record>
  <date>2022-12-14T08:08:52.565614700Z</date>
  <millis>1671005332565</millis>
  <nanos>614700</nanos>
  <sequence>60</sequence>
  <logger>global</logger>
  <level>INFO</level>
  <class>ch.zhaw.pm2.multichat.protocol.MultichatLogger</class>
  <method>info</method>
  <thread>22</thread>
  <message>Stopped recieving data</message>
</record>
<record>
  <date>2022-12-14T08:08:52.565614700Z</date>
  <millis>1671005332565</millis>
  <nanos>614700</nanos>
  <sequence>61</sequence>
  <logger>global</logger>
  <level>INFO</level>
  <class>ch.zhaw.pm2.multichat.protocol.MultichatLogger</class>
  <method>info</method>
  <thread>22</thread>
  <message>Stopping Connection Handler for Stefan</message>
</record>
<record>
  <date>2022-12-14T08:08:53.385853700Z</date>
  <millis>1671005333385</millis>
  <nanos>853700</nanos>
  <sequence>62</sequence>
  <logger>global</logger>
  <level>INFO</level>
  <class>ch.zhaw.pm2.multichat.protocol.MultichatLogger</class>
  <method>info</method>
  <thread>21</thread>
  <message>Close connection Juvan</message>
</record>
<record>
  <date>2022-12-14T08:08:53.386851800Z</date>
  <millis>1671005333386</millis>
  <nanos>851800</nanos>
  <sequence>63</sequence>
  <logger>global</logger>
  <level>INFO</level>
  <class>ch.zhaw.pm2.multichat.protocol.MultichatLogger</class>
  <method>info</method>
  <thread>21</thread>
  <message>Closing Connection Handler for Juvan</message>
</record>
<record>
  <date>2022-12-14T08:08:53.387851900Z</date>
  <millis>1671005333387</millis>
  <nanos>851900</nanos>
  <sequence>64</sequence>
  <logger>global</logger>
  <level>INFO</level>
  <class>ch.zhaw.pm2.multichat.protocol.MultichatLogger</class>
  <method>info</method>
  <thread>21</thread>
  <message>Stop receiving data...</message>
</record>
<record>
  <date>2022-12-14T08:08:53.388851900Z</date>
  <millis>1671005333388</millis>
  <nanos>851900</nanos>
  <sequence>65</sequence>
  <logger>global</logger>
  <level>INFO</level>
  <class>ch.zhaw.pm2.multichat.protocol.MultichatLogger</class>
  <method>info</method>
  <thread>21</thread>
  <message>Stopped receiving data.</message>
</record>
<record>
  <date>2022-12-14T08:08:53.388851900Z</date>
  <millis>1671005333388</millis>
  <nanos>851900</nanos>
  <sequence>66</sequence>
  <logger>global</logger>
  <level>INFO</level>
  <class>ch.zhaw.pm2.multichat.protocol.MultichatLogger</class>
  <method>info</method>
  <thread>21</thread>
  <message>Closed Connection Handler for Juvan</message>
</record>
<record>
  <date>2022-12-14T08:08:53.388851900Z</date>
  <millis>1671005333388</millis>
  <nanos>851900</nanos>
  <sequence>67</sequence>
  <logger>global</logger>
  <level>INFO</level>
  <class>ch.zhaw.pm2.multichat.protocol.MultichatLogger</class>
  <method>info</method>
  <thread>21</thread>
  <message>Connection Juvan disconnected</message>
</record>
<record>
  <date>2022-12-14T08:08:53.389851800Z</date>
  <millis>1671005333389</millis>
  <nanos>851800</nanos>
  <sequence>68</sequence>
  <logger>global</logger>
  <level>INFO</level>
  <class>ch.zhaw.pm2.multichat.protocol.MultichatLogger</class>
  <method>info</method>
  <thread>21</thread>
  <message>Stopped recieving data</message>
</record>
<record>
  <date>2022-12-14T08:08:53.389851800Z</date>
  <millis>1671005333389</millis>
  <nanos>851800</nanos>
  <sequence>69</sequence>
  <logger>global</logger>
  <level>INFO</level>
  <class>ch.zhaw.pm2.multichat.protocol.MultichatLogger</class>
  <method>info</method>
  <thread>21</thread>
  <message>Stopping Connection Handler for Juvan</message>
</record>
